<?xml version="1.0" encoding="UTF-8"?>
<testsuite xmlns:xsi="http://www.w3.org/2001/XMLSchema-instance" xsi:noNamespaceSchemaLocation="https://maven.apache.org/surefire/maven-surefire-plugin/xsd/surefire-test-report-3.0.xsd" version="3.0" name="TestSuite" time="0.739" tests="33" errors="0" skipped="11" failures="22">
  <properties>
[...]
</properties>
  <testcase name="browserIntializaztion" classname="testscript.AdminUsersTest" time="0.424">
    <failure message="&#10;Parameter &apos;browser&apos; is required by BeforeMethod on method browserIntializaztion but has not been marked @Optional or defined&#10;in C:\Users\aswat\eclipse-workspace\DemoProjectOne\testng.xml" type="org.testng.TestNGException"><![CDATA[org.testng.TestNGException: 

Parameter 'browser' is required by BeforeMethod on method browserIntializaztion but has not been marked @Optional or defined
in C:\Users\aswat\eclipse-workspace\DemoProjectOne\testng.xml
]]></failure>
    <system-err><![CDATA[SLF4J: Failed to load class "org.slf4j.impl.StaticLoggerBinder".
SLF4J: Defaulting to no-operation (NOP) logger implementation
SLF4J: See http://www.slf4j.org/codes.html#StaticLoggerBinder for further details.
]]></system-err>
  </testcase>
  <testcase name="testAddAdmin" classname="testscript.AdminUsersTest" time="0">
    <skipped message="&#10;Parameter &apos;browser&apos; is required by BeforeMethod on method browserIntializaztion but has not been marked @Optional or defined&#10;in C:\Users\aswat\eclipse-workspace\DemoProjectOne\testng.xml"/>
  </testcase>
  <testcase name="browserQuit[[TestResult name=testAddAdmin status=SKIP method=AdminUsersTest.testAddAdmin()[pri:1, instance:testscript.AdminUsersTest@28eaa59a] output={null}]](0)" classname="testscript.AdminUsersTest" time="0.006">
    <failure message="Cannot invoke &quot;org.openqa.selenium.WebDriver.quit()&quot; because &quot;this.driver&quot; is null" type="java.lang.NullPointerException"><![CDATA[java.lang.NullPointerException: Cannot invoke "org.openqa.selenium.WebDriver.quit()" because "this.driver" is null
]]></failure>
  </testcase>
  <testcase name="browserIntializaztion" classname="testscript.ManageNewsTest" time="0.008">
    <failure message="&#10;Parameter &apos;browser&apos; is required by BeforeMethod on method browserIntializaztion but has not been marked @Optional or defined&#10;in C:\Users\aswat\eclipse-workspace\DemoProjectOne\testng.xml" type="org.testng.TestNGException"><![CDATA[org.testng.TestNGException: 

Parameter 'browser' is required by BeforeMethod on method browserIntializaztion but has not been marked @Optional or defined
in C:\Users\aswat\eclipse-workspace\DemoProjectOne\testng.xml
]]></failure>
  </testcase>
  <testcase name="manageNews" classname="testscript.ManageNewsTest" time="0">
    <skipped message="&#10;Parameter &apos;browser&apos; is required by BeforeMethod on method browserIntializaztion but has not been marked @Optional or defined&#10;in C:\Users\aswat\eclipse-workspace\DemoProjectOne\testng.xml"/>
  </testcase>
  <testcase name="browserQuit[[TestResult name=manageNews status=SKIP method=ManageNewsTest.manageNews()[pri:0, instance:testscript.ManageNewsTest@441772e] output={null}]](0)" classname="testscript.ManageNewsTest" time="0.001">
    <failure message="Cannot invoke &quot;org.openqa.selenium.WebDriver.quit()&quot; because &quot;this.driver&quot; is null" type="java.lang.NullPointerException"><![CDATA[java.lang.NullPointerException: Cannot invoke "org.openqa.selenium.WebDriver.quit()" because "this.driver" is null
]]></failure>
  </testcase>
  <testcase name="browserIntializaztion" classname="testscript.Login" time="0.002">
    <failure message="&#10;Parameter &apos;browser&apos; is required by BeforeMethod on method browserIntializaztion but has not been marked @Optional or defined&#10;in C:\Users\aswat\eclipse-workspace\DemoProjectOne\testng.xml" type="org.testng.TestNGException"><![CDATA[org.testng.TestNGException: 

Parameter 'browser' is required by BeforeMethod on method browserIntializaztion but has not been marked @Optional or defined
in C:\Users\aswat\eclipse-workspace\DemoProjectOne\testng.xml
]]></failure>
  </testcase>
  <testcase name="browserIntializaztion" classname="testscript.Login" time="0.002">
    <failure message="&#10;Parameter &apos;browser&apos; is required by BeforeMethod on method browserIntializaztion but has not been marked @Optional or defined&#10;in C:\Users\aswat\eclipse-workspace\DemoProjectOne\testng.xml" type="org.testng.TestNGException"><![CDATA[org.testng.TestNGException: 

Parameter 'browser' is required by BeforeMethod on method browserIntializaztion but has not been marked @Optional or defined
in C:\Users\aswat\eclipse-workspace\DemoProjectOne\testng.xml
]]></failure>
  </testcase>
  <testcase name="browserIntializaztion" classname="testscript.Login" time="0.003">
    <failure message="&#10;Parameter &apos;browser&apos; is required by BeforeMethod on method browserIntializaztion but has not been marked @Optional or defined&#10;in C:\Users\aswat\eclipse-workspace\DemoProjectOne\testng.xml" type="org.testng.TestNGException"><![CDATA[org.testng.TestNGException: 

Parameter 'browser' is required by BeforeMethod on method browserIntializaztion but has not been marked @Optional or defined
in C:\Users\aswat\eclipse-workspace\DemoProjectOne\testng.xml
]]></failure>
  </testcase>
  <testcase name="browserIntializaztion" classname="testscript.Login" time="0.003">
    <failure message="&#10;Parameter &apos;browser&apos; is required by BeforeMethod on method browserIntializaztion but has not been marked @Optional or defined&#10;in C:\Users\aswat\eclipse-workspace\DemoProjectOne\testng.xml" type="org.testng.TestNGException"><![CDATA[org.testng.TestNGException: 

Parameter 'browser' is required by BeforeMethod on method browserIntializaztion but has not been marked @Optional or defined
in C:\Users\aswat\eclipse-workspace\DemoProjectOne\testng.xml
]]></failure>
  </testcase>
  <testcase name="browserIntializaztion" classname="testscript.Login" time="0.003">
    <failure message="&#10;Parameter &apos;browser&apos; is required by BeforeMethod on method browserIntializaztion but has not been marked @Optional or defined&#10;in C:\Users\aswat\eclipse-workspace\DemoProjectOne\testng.xml" type="org.testng.TestNGException"><![CDATA[org.testng.TestNGException: 

Parameter 'browser' is required by BeforeMethod on method browserIntializaztion but has not been marked @Optional or defined
in C:\Users\aswat\eclipse-workspace\DemoProjectOne\testng.xml
]]></failure>
  </testcase>
  <testcase name="loginBothCorrect" classname="testscript.Login" time="0">
    <skipped message="&#10;Parameter &apos;browser&apos; is required by BeforeMethod on method browserIntializaztion but has not been marked @Optional or defined&#10;in C:\Users\aswat\eclipse-workspace\DemoProjectOne\testng.xml"/>
  </testcase>
  <testcase name="browserQuit[[TestResult name=loginBothCorrect status=SKIP method=Login.loginBothCorrect()[pri:0, instance:testscript.Login@7334aada] output={null}]](0)" classname="testscript.Login" time="0.001">
    <failure message="Cannot invoke &quot;org.openqa.selenium.WebDriver.quit()&quot; because &quot;this.driver&quot; is null" type="java.lang.NullPointerException"><![CDATA[java.lang.NullPointerException: Cannot invoke "org.openqa.selenium.WebDriver.quit()" because "this.driver" is null
]]></failure>
  </testcase>
  <testcase name="loginWithNoCredentials" classname="testscript.Login" time="0">
    <skipped message="Cannot invoke &quot;org.openqa.selenium.WebDriver.quit()&quot; because &quot;this.driver&quot; is null"/>
  </testcase>
  <testcase name="browserQuit[[TestResult name=loginWithNoCredentials status=SKIP method=Login.loginWithNoCredentials()[pri:0, instance:testscript.Login@7334aada] output={null}]](0)" classname="testscript.Login" time="0.001">
    <failure message="Cannot invoke &quot;org.openqa.selenium.WebDriver.quit()&quot; because &quot;this.driver&quot; is null" type="java.lang.NullPointerException"><![CDATA[java.lang.NullPointerException: Cannot invoke "org.openqa.selenium.WebDriver.quit()" because "this.driver" is null
]]></failure>
  </testcase>
  <testcase name="usernameCorrectPasswordIncorrect" classname="testscript.Login" time="0">
    <skipped message="Cannot invoke &quot;org.openqa.selenium.WebDriver.quit()&quot; because &quot;this.driver&quot; is null"/>
  </testcase>
  <testcase name="browserQuit[[TestResult name=usernameCorrectPasswordIncorrect status=SKIP method=Login.usernameCorrectPasswordIncorrect()[pri:0, instance:testscript.Login@7334aada] output={null}]](0)" classname="testscript.Login" time="0.001">
    <failure message="Cannot invoke &quot;org.openqa.selenium.WebDriver.quit()&quot; because &quot;this.driver&quot; is null" type="java.lang.NullPointerException"><![CDATA[java.lang.NullPointerException: Cannot invoke "org.openqa.selenium.WebDriver.quit()" because "this.driver" is null
]]></failure>
  </testcase>
  <testcase name="usernameIncorrectPasswordCorrect" classname="testscript.Login" time="0">
    <skipped message="Cannot invoke &quot;org.openqa.selenium.WebDriver.quit()&quot; because &quot;this.driver&quot; is null"/>
  </testcase>
  <testcase name="browserQuit[[TestResult name=usernameIncorrectPasswordCorrect status=SKIP method=Login.usernameIncorrectPasswordCorrect()[pri:0, instance:testscript.Login@7334aada] output={null}]](0)" classname="testscript.Login" time="0.001">
    <failure message="Cannot invoke &quot;org.openqa.selenium.WebDriver.quit()&quot; because &quot;this.driver&quot; is null" type="java.lang.NullPointerException"><![CDATA[java.lang.NullPointerException: Cannot invoke "org.openqa.selenium.WebDriver.quit()" because "this.driver" is null
]]></failure>
  </testcase>
  <testcase name="usernameIncorrectPasswordInCorrect" classname="testscript.Login" time="0">
    <skipped message="Cannot invoke &quot;org.openqa.selenium.WebDriver.quit()&quot; because &quot;this.driver&quot; is null"/>
  </testcase>
  <testcase name="browserQuit[[TestResult name=usernameIncorrectPasswordInCorrect status=SKIP method=Login.usernameIncorrectPasswordInCorrect()[pri:0, instance:testscript.Login@7334aada] output={null}]](0)" classname="testscript.Login" time="0.002">
    <failure message="Cannot invoke &quot;org.openqa.selenium.WebDriver.quit()&quot; because &quot;this.driver&quot; is null" type="java.lang.NullPointerException"><![CDATA[java.lang.NullPointerException: Cannot invoke "org.openqa.selenium.WebDriver.quit()" because "this.driver" is null
]]></failure>
  </testcase>
  <testcase name="browserIntializaztion" classname="testscript.LoginTest" time="0.004">
    <failure message="&#10;Parameter &apos;browser&apos; is required by BeforeMethod on method browserIntializaztion but has not been marked @Optional or defined&#10;in C:\Users\aswat\eclipse-workspace\DemoProjectOne\testng.xml" type="org.testng.TestNGException"><![CDATA[org.testng.TestNGException: 

Parameter 'browser' is required by BeforeMethod on method browserIntializaztion but has not been marked @Optional or defined
in C:\Users\aswat\eclipse-workspace\DemoProjectOne\testng.xml
]]></failure>
  </testcase>
  <testcase name="browserIntializaztion" classname="testscript.LoginTest" time="0.002">
    <failure message="&#10;Parameter &apos;browser&apos; is required by BeforeMethod on method browserIntializaztion but has not been marked @Optional or defined&#10;in C:\Users\aswat\eclipse-workspace\DemoProjectOne\testng.xml" type="org.testng.TestNGException"><![CDATA[org.testng.TestNGException: 

Parameter 'browser' is required by BeforeMethod on method browserIntializaztion but has not been marked @Optional or defined
in C:\Users\aswat\eclipse-workspace\DemoProjectOne\testng.xml
]]></failure>
  </testcase>
  <testcase name="browserIntializaztion" classname="testscript.LoginTest" time="0.002">
    <failure message="&#10;Parameter &apos;browser&apos; is required by BeforeMethod on method browserIntializaztion but has not been marked @Optional or defined&#10;in C:\Users\aswat\eclipse-workspace\DemoProjectOne\testng.xml" type="org.testng.TestNGException"><![CDATA[org.testng.TestNGException: 

Parameter 'browser' is required by BeforeMethod on method browserIntializaztion but has not been marked @Optional or defined
in C:\Users\aswat\eclipse-workspace\DemoProjectOne\testng.xml
]]></failure>
  </testcase>
  <testcase name="browserIntializaztion" classname="testscript.LoginTest" time="0.003">
    <failure message="&#10;Parameter &apos;browser&apos; is required by BeforeMethod on method browserIntializaztion but has not been marked @Optional or defined&#10;in C:\Users\aswat\eclipse-workspace\DemoProjectOne\testng.xml" type="org.testng.TestNGException"><![CDATA[org.testng.TestNGException: 

Parameter 'browser' is required by BeforeMethod on method browserIntializaztion but has not been marked @Optional or defined
in C:\Users\aswat\eclipse-workspace\DemoProjectOne\testng.xml
]]></failure>
  </testcase>
  <testcase name="loginInvalidCrendentialsBoth" classname="testscript.LoginTest" time="0">
    <skipped message="&#10;Parameter &apos;browser&apos; is required by BeforeMethod on method browserIntializaztion but has not been marked @Optional or defined&#10;in C:\Users\aswat\eclipse-workspace\DemoProjectOne\testng.xml"/>
  </testcase>
  <testcase name="browserQuit[[TestResult name=loginInvalidCrendentialsBoth status=SKIP method=LoginTest.loginInvalidCrendentialsBoth()[pri:0, instance:testscript.LoginTest@1d9b7cce] output={null}]](0)" classname="testscript.LoginTest" time="0.001">
    <failure message="Cannot invoke &quot;org.openqa.selenium.WebDriver.quit()&quot; because &quot;this.driver&quot; is null" type="java.lang.NullPointerException"><![CDATA[java.lang.NullPointerException: Cannot invoke "org.openqa.selenium.WebDriver.quit()" because "this.driver" is null
]]></failure>
  </testcase>
  <testcase name="loginInvalidCrendentialsPass" classname="testscript.LoginTest" time="0">
    <skipped message="Cannot invoke &quot;org.openqa.selenium.WebDriver.quit()&quot; because &quot;this.driver&quot; is null"/>
  </testcase>
  <testcase name="browserQuit[[TestResult name=loginInvalidCrendentialsPass status=SKIP method=LoginTest.loginInvalidCrendentialsPass()[pri:0, instance:testscript.LoginTest@1d9b7cce] output={null}]](0)" classname="testscript.LoginTest" time="0.001">
    <failure message="Cannot invoke &quot;org.openqa.selenium.WebDriver.quit()&quot; because &quot;this.driver&quot; is null" type="java.lang.NullPointerException"><![CDATA[java.lang.NullPointerException: Cannot invoke "org.openqa.selenium.WebDriver.quit()" because "this.driver" is null
]]></failure>
  </testcase>
  <testcase name="loginInvalidCrendentialsUser" classname="testscript.LoginTest" time="0">
    <skipped message="Cannot invoke &quot;org.openqa.selenium.WebDriver.quit()&quot; because &quot;this.driver&quot; is null"/>
  </testcase>
  <testcase name="browserQuit[[TestResult name=loginInvalidCrendentialsUser status=SKIP method=LoginTest.loginInvalidCrendentialsUser()[pri:0, instance:testscript.LoginTest@1d9b7cce] output={null}]](0)" classname="testscript.LoginTest" time="0.001">
    <failure message="Cannot invoke &quot;org.openqa.selenium.WebDriver.quit()&quot; because &quot;this.driver&quot; is null" type="java.lang.NullPointerException"><![CDATA[java.lang.NullPointerException: Cannot invoke "org.openqa.selenium.WebDriver.quit()" because "this.driver" is null
]]></failure>
  </testcase>
  <testcase name="loginValidCrendentials" classname="testscript.LoginTest" time="0">
    <skipped message="Cannot invoke &quot;org.openqa.selenium.WebDriver.quit()&quot; because &quot;this.driver&quot; is null"/>
  </testcase>
  <testcase name="browserQuit[[TestResult name=loginValidCrendentials status=SKIP method=LoginTest.loginValidCrendentials()[pri:0, instance:testscript.LoginTest@1d9b7cce] output={null}]](0)" classname="testscript.LoginTest" time="0">
    <failure message="Cannot invoke &quot;org.openqa.selenium.WebDriver.quit()&quot; because &quot;this.driver&quot; is null" type="java.lang.NullPointerException"><![CDATA[java.lang.NullPointerException: Cannot invoke "org.openqa.selenium.WebDriver.quit()" because "this.driver" is null
]]></failure>
  </testcase>
</testsuite>